[30.436s] Invoking command in '/home/racecar/racecar_ws/src/localization': PYTHONPATH=/home/racecar/racecar_ws/src/localization/build/localization/prefix_override:/usr/lib/python3/dist-packages/colcon_core/task/python/colcon_distutils_commands:/home/racecar/racecar_ws/src/localization/install/localization/lib/python3.10/site-packages:${PYTHONPATH} /usr/bin/python3 -W ignore:setup.py install is deprecated -W ignore:easy_install command is deprecated setup.py egg_info --egg-base build/localization build --build-base /home/racecar/racecar_ws/src/localization/build/localization/build install --record /home/racecar/racecar_ws/src/localization/build/localization/install.log --install-scripts $base/lib/localization --single-version-externally-managed install_data
[51.184s] /usr/lib/python3/dist-packages/setuptools/dist.py:723: UserWarning: Usage of dash-separated 'script-dir' will not be supported in future versions. Please use the underscore name 'script_dir' instead
[51.185s]   warnings.warn(
[51.229s] [39mrunning egg_info[0m
[51.236s] [39mcreating build/localization/localization.egg-info[0m
[51.241s] [39mwriting build/localization/localization.egg-info/PKG-INFO[0m
[51.266s] [39mwriting dependency_links to build/localization/localization.egg-info/dependency_links.txt[0m
[51.284s] [39mwriting entry points to build/localization/localization.egg-info/entry_points.txt[0m
[51.295s] [39mwriting requirements to build/localization/localization.egg-info/requires.txt[0m
[51.300s] [39mwriting top-level names to build/localization/localization.egg-info/top_level.txt[0m
[51.312s] [39mwriting manifest file 'build/localization/localization.egg-info/SOURCES.txt'[0m
[51.537s] [39mreading manifest file 'build/localization/localization.egg-info/SOURCES.txt'[0m
[51.628s] [39mwriting manifest file 'build/localization/localization.egg-info/SOURCES.txt'[0m
[51.635s] [39mrunning build[0m
[51.637s] [39mrunning build_py[0m
[51.647s] [39mcreating /home/racecar/racecar_ws/src/localization/build/localization/build[0m
[51.650s] [39mcreating /home/racecar/racecar_ws/src/localization/build/localization/build/lib.linux-x86_64-3.10[0m
[51.654s] [39mcreating /home/racecar/racecar_ws/src/localization/build/localization/build/lib.linux-x86_64-3.10/localization[0m
[51.665s] [39mcopying localization/motion_model.py -> /home/racecar/racecar_ws/src/localization/build/localization/build/lib.linux-x86_64-3.10/localization[0m
[51.691s] [39mcopying localization/particle_filter.py -> /home/racecar/racecar_ws/src/localization/build/localization/build/lib.linux-x86_64-3.10/localization[0m
[51.739s] [39mcopying localization/sensor_model.py -> /home/racecar/racecar_ws/src/localization/build/localization/build/lib.linux-x86_64-3.10/localization[0m
[51.801s] [39mcopying localization/__init__.py -> /home/racecar/racecar_ws/src/localization/build/localization/build/lib.linux-x86_64-3.10/localization[0m
[51.856s] [39mcreating /home/racecar/racecar_ws/src/localization/build/localization/build/lib.linux-x86_64-3.10/localization/test[0m
[51.885s] [39mcopying localization/test/motion_model_test.py -> /home/racecar/racecar_ws/src/localization/build/localization/build/lib.linux-x86_64-3.10/localization/test[0m
[51.969s] [39mcopying localization/test/sensor_model_test.py -> /home/racecar/racecar_ws/src/localization/build/localization/build/lib.linux-x86_64-3.10/localization/test[0m
[52.039s] [39mcopying localization/test/__init__.py -> /home/racecar/racecar_ws/src/localization/build/localization/build/lib.linux-x86_64-3.10/localization/test[0m
[52.116s] [39mrunning build_ext[0m
[52.121s] [39mbuilding 'scan_simulator_2d' extension[0m
[52.127s] [39mC compiler: x86_64-linux-gnu-gcc -Wno-unused-result -Wsign-compare -DNDEBUG -g -fwrapv -O2 -Wall -g -fstack-protector-strong -Wformat -Werror=format-security -g -fwrapv -O2 -g -fstack-protector-strong -Wformat -Werror=format-security -Wdate-time -D_FORTIFY_SOURCE=2 -fPIC
[52.129s] [0m
[52.139s] [39mcreating /home/racecar/racecar_ws/src/localization/build/localization/build/temp.linux-x86_64-3.10[0m
[52.148s] [39mcreating /home/racecar/racecar_ws/src/localization/build/localization/build/temp.linux-x86_64-3.10/localization[0m
[52.156s] [39mcompile options: '-I/home/sim_ws/install/racecar_simulator/include -I/home/racecar/racecar_ws/src/localization/install/localization/include -I/usr/include/python3.10 -c'
[52.158s] extra options: '-Wno-cpp -g -Wno-maybe-uninitialized'[0m
[52.162s] [39mx86_64-linux-gnu-gcc: localization/scan_simulator_2d.cpp[0m
[54.692s] [39mx86_64-linux-gnu-g++ -shared -Wl,-O1 -Wl,-Bsymbolic-functions -Wl,-Bsymbolic-functions -g -fwrapv -O2 -Wl,-Bsymbolic-functions -g -fwrapv -O2 -g -fstack-protector-strong -Wformat -Werror=format-security -Wdate-time -D_FORTIFY_SOURCE=2 /home/racecar/racecar_ws/src/localization/build/localization/build/temp.linux-x86_64-3.10/localization/scan_simulator_2d.o -L/home/sim_ws/install/racecar_simulator/lib -lracecar_simulator -o /home/racecar/racecar_ws/src/localization/build/localization/build/lib.linux-x86_64-3.10/scan_simulator_2d.cpython-310-x86_64-linux-gnu.so[0m
[55.568s] [39mrunning install[0m
[55.569s] [39mrunning install_lib[0m
[55.603s] [39mcreating /home/racecar/racecar_ws/src/localization/install/localization/lib/python3.10/site-packages/localization[0m
[55.629s] [39mcopying /home/racecar/racecar_ws/src/localization/build/localization/build/lib.linux-x86_64-3.10/localization/motion_model.py -> /home/racecar/racecar_ws/src/localization/install/localization/lib/python3.10/site-packages/localization[0m
[55.731s] [39mcopying /home/racecar/racecar_ws/src/localization/build/localization/build/lib.linux-x86_64-3.10/localization/particle_filter.py -> /home/racecar/racecar_ws/src/localization/install/localization/lib/python3.10/site-packages/localization[0m
[55.812s] [39mcopying /home/racecar/racecar_ws/src/localization/build/localization/build/lib.linux-x86_64-3.10/localization/sensor_model.py -> /home/racecar/racecar_ws/src/localization/install/localization/lib/python3.10/site-packages/localization[0m
[55.878s] [39mcreating /home/racecar/racecar_ws/src/localization/install/localization/lib/python3.10/site-packages/localization/test[0m
[55.902s] [39mcopying /home/racecar/racecar_ws/src/localization/build/localization/build/lib.linux-x86_64-3.10/localization/test/motion_model_test.py -> /home/racecar/racecar_ws/src/localization/install/localization/lib/python3.10/site-packages/localization/test[0m
[55.941s] [39mcopying /home/racecar/racecar_ws/src/localization/build/localization/build/lib.linux-x86_64-3.10/localization/test/sensor_model_test.py -> /home/racecar/racecar_ws/src/localization/install/localization/lib/python3.10/site-packages/localization/test[0m
[55.999s] [39mcopying /home/racecar/racecar_ws/src/localization/build/localization/build/lib.linux-x86_64-3.10/localization/test/__init__.py -> /home/racecar/racecar_ws/src/localization/install/localization/lib/python3.10/site-packages/localization/test[0m
[56.066s] [39mcopying /home/racecar/racecar_ws/src/localization/build/localization/build/lib.linux-x86_64-3.10/localization/__init__.py -> /home/racecar/racecar_ws/src/localization/install/localization/lib/python3.10/site-packages/localization[0m
[56.108s] [39mcopying /home/racecar/racecar_ws/src/localization/build/localization/build/lib.linux-x86_64-3.10/scan_simulator_2d.cpython-310-x86_64-linux-gnu.so -> /home/racecar/racecar_ws/src/localization/install/localization/lib/python3.10/site-packages[0m
[56.197s] [39mbyte-compiling /home/racecar/racecar_ws/src/localization/install/localization/lib/python3.10/site-packages/localization/motion_model.py to motion_model.cpython-310.pyc[0m
[56.269s] [39mbyte-compiling /home/racecar/racecar_ws/src/localization/install/localization/lib/python3.10/site-packages/localization/particle_filter.py to particle_filter.cpython-310.pyc[0m
[56.457s] [39mbyte-compiling /home/racecar/racecar_ws/src/localization/install/localization/lib/python3.10/site-packages/localization/sensor_model.py to sensor_model.cpython-310.pyc[0m
[56.588s] [39mbyte-compiling /home/racecar/racecar_ws/src/localization/install/localization/lib/python3.10/site-packages/localization/test/motion_model_test.py to motion_model_test.cpython-310.pyc[0m
[56.718s] [39mbyte-compiling /home/racecar/racecar_ws/src/localization/install/localization/lib/python3.10/site-packages/localization/test/sensor_model_test.py to sensor_model_test.cpython-310.pyc[0m
[56.793s] [39mbyte-compiling /home/racecar/racecar_ws/src/localization/install/localization/lib/python3.10/site-packages/localization/test/__init__.py to __init__.cpython-310.pyc[0m
[57.057s] [39mbyte-compiling /home/racecar/racecar_ws/src/localization/install/localization/lib/python3.10/site-packages/localization/__init__.py to __init__.cpython-310.pyc[0m
[57.166s] [39mrunning install_data[0m
[57.191s] [39mcreating /home/racecar/racecar_ws/src/localization/install/localization/share/ament_index[0m
[57.200s] [39mcreating /home/racecar/racecar_ws/src/localization/install/localization/share/ament_index/resource_index[0m
[57.212s] [39mcreating /home/racecar/racecar_ws/src/localization/install/localization/share/ament_index/resource_index/packages[0m
[57.255s] [39mcopying resource/localization -> /home/racecar/racecar_ws/src/localization/install/localization/share/ament_index/resource_index/packages[0m
[57.322s] [39mcopying package.xml -> /home/racecar/racecar_ws/src/localization/install/localization/share/localization[0m
[57.451s] [39mcopying localization/params.yaml -> /home/racecar/racecar_ws/src/localization/install/localization/share/localization[0m
[57.517s] [39mcopying localization/test/test_params.yaml -> /home/racecar/racecar_ws/src/localization/install/localization/share/localization[0m
[57.581s] [39mcreating /home/racecar/racecar_ws/src/localization/install/localization/share/localization/launch[0m
[57.609s] [39mcopying launch/localize.launch.xml -> /home/racecar/racecar_ws/src/localization/install/localization/share/localization/launch[0m
[57.710s] [39mcopying launch/unit_tests/motion_model_test.launch.py -> /home/racecar/racecar_ws/src/localization/install/localization/share/localization/launch[0m
[57.815s] [39mcopying launch/unit_tests/sensor_model_test.launch.py -> /home/racecar/racecar_ws/src/localization/install/localization/share/localization/launch[0m
[57.911s] [39mcopying launch/unit_tests/test_map.launch.xml -> /home/racecar/racecar_ws/src/localization/install/localization/share/localization/launch[0m
[58.011s] [39mcreating /home/racecar/racecar_ws/src/localization/install/localization/share/localization/test_map[0m
[58.055s] [39mcopying test_map/test_map.png -> /home/racecar/racecar_ws/src/localization/install/localization/share/localization/test_map[0m
[58.149s] [39mcopying test_map/test_map.yaml -> /home/racecar/racecar_ws/src/localization/install/localization/share/localization/test_map[0m
[58.204s] [39mrunning install_egg_info[0m
[58.311s] [39mCopying build/localization/localization.egg-info to /home/racecar/racecar_ws/src/localization/install/localization/lib/python3.10/site-packages/localization-0.0.0-py3.10.egg-info[0m
[58.948s] [39mrunning install_scripts[0m
[58.975s] [39mInstalling motion_model_test script to /home/racecar/racecar_ws/src/localization/install/localization/lib/localization[0m
[59.070s] [39mInstalling particle_filter script to /home/racecar/racecar_ws/src/localization/install/localization/lib/localization[0m
[59.108s] [39mInstalling sensor_model_test script to /home/racecar/racecar_ws/src/localization/install/localization/lib/localization[0m
[59.158s] [39mwriting list of installed files to '/home/racecar/racecar_ws/src/localization/build/localization/install.log'[0m
[59.329s] Invoked command in '/home/racecar/racecar_ws/src/localization' returned '0': PYTHONPATH=/home/racecar/racecar_ws/src/localization/build/localization/prefix_override:/usr/lib/python3/dist-packages/colcon_core/task/python/colcon_distutils_commands:/home/racecar/racecar_ws/src/localization/install/localization/lib/python3.10/site-packages:${PYTHONPATH} /usr/bin/python3 -W ignore:setup.py install is deprecated -W ignore:easy_install command is deprecated setup.py egg_info --egg-base build/localization build --build-base /home/racecar/racecar_ws/src/localization/build/localization/build install --record /home/racecar/racecar_ws/src/localization/build/localization/install.log --install-scripts $base/lib/localization --single-version-externally-managed install_data
